<?xml version="1.0" encoding="UTF-8"?>
<!-- Generated by org.testng.reporters.JUnitReportReporter -->
<testsuite skipped="0" hostname="DESKTOP-G5OR1MT" name="com.ebanking.test.scripts.LogIn_test" tests="1" failures="0" timestamp="2021-06-08T19:20:47 EDT" time="4.346" errors="0">
  <testcase name="loginTest" time="4.346" classname="com.ebanking.test.scripts.LogIn_test"/>
  <system-out/>
</testsuite> <!-- com.ebanking.test.scripts.LogIn_test -->
