<?xml version="1.0" encoding="UTF-8"?>
<!-- Generated by org.testng.reporters.JUnitReportReporter -->
<testsuite skipped="1" hostname="DESKTOP-G5OR1MT" name="com.ebanking.test.scripts.DataDrivenTest" tests="1" failures="0" timestamp="2021-06-08T19:20:47 EDT" time="0.000" errors="0">
  <testcase name="logInDDT" time="0.000" classname="com.ebanking.test.scripts.DataDrivenTest">
    <skipped/>
  </testcase> <!-- logInDDT -->
  <system-out/>
</testsuite> <!-- com.ebanking.test.scripts.DataDrivenTest -->
