<?xml version="1.0" encoding="UTF-8"?>
<!-- Generated by org.testng.reporters.JUnitReportReporter -->
<testsuite skipped="0" hostname="DESKTOP-G5OR1MT" name="com.employeeapi.testcases.TC003_Post_Employee_Record" tests="3" failures="0" timestamp="2021-08-24T11:06:26 EDT" time="0.010" errors="0">
  <testcase name="checkStatusCode" time="0.003" classname="com.employeeapi.testcases.TC003_Post_Employee_Record"/>
  <system-out/>
  <testcase name="checkContentType" time="0.001" classname="com.employeeapi.testcases.TC003_Post_Employee_Record"/>
  <system-out/>
  <testcase name="checkresponseBody" time="0.006" classname="com.employeeapi.testcases.TC003_Post_Employee_Record"/>
  <system-out/>
</testsuite> <!-- com.employeeapi.testcases.TC003_Post_Employee_Record -->
