<?xml version="1.0" encoding="UTF-8"?>
<!-- Generated by org.testng.reporters.JUnitReportReporter -->
<testsuite skipped="0" hostname="DESKTOP-G5OR1MT" name="com.employeeapi.base.TC002_Get_Single_Employee_Record" tests="1" failures="0" timestamp="2021-08-19T22:44:13 EDT" time="0.024" errors="0">
  <testcase name="checkResponseBody" time="0.024" classname="com.employeeapi.base.TC002_Get_Single_Employee_Record"/>
  <system-out/>
</testsuite> <!-- com.employeeapi.base.TC002_Get_Single_Employee_Record -->
