<?xml version="1.0" encoding="UTF-8"?>
<!-- Generated by org.testng.reporters.JUnitReportReporter -->
<testsuite skipped="0" hostname="DESKTOP-G5OR1MT" name="com.employeeapi.testcases.TC001_Get_All_Employees" tests="8" failures="0" timestamp="2021-08-24T11:06:26 EDT" time="0.022" errors="0">
  <testcase name="checkCookies" time="0.002" classname="com.employeeapi.testcases.TC001_Get_All_Employees"/>
  <system-out/>
  <testcase name="checkcontentEncoding" time="0.003" classname="com.employeeapi.testcases.TC001_Get_All_Employees"/>
  <system-out/>
  <testcase name="checkserverType" time="0.004" classname="com.employeeapi.testcases.TC001_Get_All_Employees"/>
  <system-out/>
  <testcase name="checkStatusLine" time="0.003" classname="com.employeeapi.testcases.TC001_Get_All_Employees"/>
  <system-out/>
  <testcase name="checkStatusCode" time="0.002" classname="com.employeeapi.testcases.TC001_Get_All_Employees"/>
  <system-out/>
  <testcase name="checkresponseBody" time="0.005" classname="com.employeeapi.testcases.TC001_Get_All_Employees"/>
  <system-out/>
  <testcase name="checkContentType" time="0.001" classname="com.employeeapi.testcases.TC001_Get_All_Employees"/>
  <system-out/>
  <testcase name="checkcontentLength" time="0.002" classname="com.employeeapi.testcases.TC001_Get_All_Employees"/>
  <system-out/>
</testsuite> <!-- com.employeeapi.testcases.TC001_Get_All_Employees -->
