<?xml version="1.0" encoding="UTF-8"?>
<!-- Generated by org.testng.reporters.JUnitReportReporter -->
<testsuite skipped="0" hostname="DESKTOP-G5OR1MT" name="com.FaceBook.Test.CreateAccountFB" tests="1" failures="0" timestamp="2021-12-09T00:03:26 EST" time="20.339" errors="0">
  <testcase name="testFbSignUp" time="20.339" classname="com.FaceBook.Test.CreateAccountFB"/>
  <system-out/>
</testsuite> <!-- com.FaceBook.Test.CreateAccountFB -->
